<?xml version="1.0" encoding="UTF-8" ?>
<testsuite tests="9" failures="0" name="org.urlShortster.services.UrlServiceTest" time="0.073" errors="0" skipped="0">
  <properties>
[...]
</properties>
  <testcase classname="org.urlShortster.services.UrlServiceTest" name="testList" time="0.069"/>
  <testcase classname="org.urlShortster.services.UrlServiceTest" name="testSave" time="0.003"/>
  <testcase classname="org.urlShortster.services.UrlServiceTest" name="testIncrementAccess" time="0"/>
  <testcase classname="org.urlShortster.services.UrlServiceTest" name="testExistsLong" time="0"/>
  <testcase classname="org.urlShortster.services.UrlServiceTest" name="testGetById" time="0"/>
  <testcase classname="org.urlShortster.services.UrlServiceTest" name="testGetByShort" time="0.001"/>
  <testcase classname="org.urlShortster.services.UrlServiceTest" name="testGetByLong" time="0"/>
  <testcase classname="org.urlShortster.services.UrlServiceTest" name="testDelete" time="0"/>
  <testcase classname="org.urlShortster.services.UrlServiceTest" name="testExistsShort" time="0"/>
</testsuite>