<?xml version="1.0" encoding="UTF-8" ?>
<testsuite tests="12" failures="0" name="org.urlShortster.controller.RestUrlControllerTest" time="1.018" errors="0" skipped="0">
  <properties>
[...]
</properties>
  <testcase classname="org.urlShortster.controller.RestUrlControllerTest" name="testInvalidGetById" time="0.771"/>
  <testcase classname="org.urlShortster.controller.RestUrlControllerTest" name="testAddUrlWithBadRequest" time="0.017"/>
  <testcase classname="org.urlShortster.controller.RestUrlControllerTest" name="testInvalidGetByLong" time="0.026"/>
  <testcase classname="org.urlShortster.controller.RestUrlControllerTest" name="testOpenLongUrl" time="0.016"/>
  <testcase classname="org.urlShortster.controller.RestUrlControllerTest" name="testGetById" time="0.056"/>
  <testcase classname="org.urlShortster.controller.RestUrlControllerTest" name="testDeleteUrl" time="0.057"/>
  <testcase classname="org.urlShortster.controller.RestUrlControllerTest" name="testGetByShort" time="0.012"/>
  <testcase classname="org.urlShortster.controller.RestUrlControllerTest" name="testInvalidGetByShort" time="0.012"/>
  <testcase classname="org.urlShortster.controller.RestUrlControllerTest" name="testGetByLong" time="0.012"/>
  <testcase classname="org.urlShortster.controller.RestUrlControllerTest" name="testAddUrl" time="0.013"/>
  <testcase classname="org.urlShortster.controller.RestUrlControllerTest" name="testInvalidOpenLongUrl" time="0.011"/>
  <testcase classname="org.urlShortster.controller.RestUrlControllerTest" name="testListUrls" time="0.015"/>
</testsuite>